<?xml version="1.0" encoding="UTF-8"?>
<testsuite name="tests.Test" tests="1" skipped="0" failures="0" errors="0" timestamp="2018-01-26T12:48:37" hostname="DESKTOP-MVG5QKH" time="0.946">
  <properties/>
  <testcase name="test1" classname="tests.Test" time="0.946"/>
  <system-out><![CDATA[]]></system-out>
  <system-err><![CDATA[]]></system-err>
</testsuite>
